4c2259b00001a700	137
4c2259b0000329c0	62
4c2259b000050100	68
4c2259b0000eee80	88
4c2259b000126580	68
4c2259b000249f00	62
4c2259b00028e380	80
4c2259b000291780	62
4c2259b000292580	68
4c2259b0002eb280	68
4c2259b0002fdb00	97
4c2259b0003b8e00	65
4c2259b0003c54c0	62
4c2259b000405c00	77
4c2259b000413e00	214
4c2259b00048a580	62
4c2259b000491000	68
4c2259b00051b240	62
4c2259b000536f80	62
4c2259b00053a180	168
4c2259b000592240	68
4c2259b0005a0200	62
4c2259b0005be380	1196
4c2259b0005cdec0	1482
4c2259b000650e40	95
4c2259b0006aab00	1482
4c2259b0006c9b00	68
4c2259b0006dbd00	62
4c2259b0006e69c0	62
4c2259b000717e00	1482
4c2259b000728500	62
4c2259b00072c440	62
4c2259b00073d480	62
4c2259b00080bbc0	80
4c2259b000813e40	80
4c2259b000817b80	80
4c2259b000818e40	80
4c2259b000823280	62
4c2259b00087ab80	1516
4c2259b000888d40	1516
4c2259b0008d2200	62
4c2259b0008d5c40	80
4c2259b0008d6b00	80
4c2259b0008d7740	68
4c2259b0008d8480	68
4c2259b0008e5d80	68
4c2259b0008f5700	62
4c2259b0008f6240	62
4c2259b000970180	68
4c2259b0009fb080	80
4c2259b000a01680	62
4c2259b000a200c0	80
4c2259b000a6b7c0	97
4c2259b000a73540	80
4c2259b000a95a00	62
4c2259b000ab8300	80
4c2259b000b85880	169
4c2259b000b864c0	68
4c2259b000b91f40	68
4c2259b000b92d40	68
4c2259b000bd5080	62
4c2259b000cac040	1316
4c2259b000cb0580	404
4c2259b000cb1b40	62
4c2259b000d9b300	364
4c2259b000d9c680	64
4c2259b000dbaf80	1316
4c2259b000dbf4c0	64
4c2259b000dc1780	664
4c2259b000dc5e00	62
4c2259b000ddbb40	62
4c2259b000e38580	68
4c2259b000e93380	112
4c2259b000edaa80	80
4c2259b000ee2c00	96
4c2259b000ee9500	62
4c2259b000ef3180	80
4c2259b000f10e00	1516
4c2259b000f423c0	68
4c2259b000f431c0	68
4c2259b000fb45c0	1056
4c2259b000feee00	68
4c2259b001014e40	62
4c2259b00102ea80	80
4c2259b001044580	80
4c2259b00104bec0	68
4c2259b001054340	80
4c2259b001131d00	80
4c2259b00116ec40	1516
4c2259b001173fc0	80
4c2259b001174480	80
4c2259b001174900	68
4c2259b001186780	80
4c2259b0011f31c0	62
4c2259b00123cac0	1516
4c2259b00126a5c0	80
4c2259b00126b380	80
4c2259b00126e180	68
4c2259b00126ee40	68
4c2259b001305e80	1516
4c2259b001314980	1516
4c2259b001319940	68
4c2259b001322940	1516
4c2259b001327940	68
4c2259b001327d40	68
4c2259b001328140	68
4c2259b001328540	62
4c2259b00134c200	137
4c2259b0013bbd00	68
4c2259b0013de300	1516
4c2259b0013eb180	1516
4c2259b0013f0180	62
4c2259b0013f0540	68
4c2259b0013f0900	68
4c2259b0013f0d00	68
4c2259b0013f1100	68
4c2259b00140e280	1516
4c2259b00151b100	68
4c2259b00152ba80	68
4c2259b00155c1c0	62
4c2259b00162dd80	86
4c2259b0016a9200	80
4c2259b0016a9f80	80
4c2259b0016aad80	80
4c2259b0016abac0	80
4c2259b0016ba600	62
4c2259b0016dd100	119
4c2259b001719cc0	68
4c2259b001751e80	312
4c2259b00184da00	62
4c2259b001855740	68
4c2259b00187b680	1516
4c2259b0018894c0	1516
4c2259b001896380	1516
4c2259b00189b340	68
4c2259b0018e1c40	1516
4c2259b00191b600	1516
4c2259b001928580	1516
4c2259b001935380	1516
4c2259b001942240	1516
4c2259b001947200	151
4c2259b001947a80	62
4c2259b001949980	68
4c2259b001985dc0	67
4c2259b0019a4880	1416
4c2259b0019a9300	62
4c2259b0019d7ec0	68
4c2259b0019e74c0	92
4c2259b001a94700	1508
4c2259b001aaba00	68
4c2259b001ad1780	62
4c2259b001af2200	116
4c2259b001bf9380	62
4c2259b001c11d00	62
4c2259b001c51780	1516
4c2259b001c76340	137
4c2259b001cc4740	1196
4c2259b001cce500	123
4c2259b001cfd580	62
4c2259b001d03600	62
4c2259b001db2e00	76
4c2259b001dd7d80	1313
4c2259b001e10b80	62
4c2259b001e11840	62
4c2259b001e96540	62
4c2259b001eda8c0	116
4c2259b001ef2500	76
4c2259b001fca100	77
4c2259b002007800	1056
4c2259b00200afc0	62
4c2259b0020efb80	62
4c2259b0020f6600	62
4c2259b00211dd40	62
4c2259b002297840	116
4c2259b0022bc200	76
4c2259b002332e80	62
4c2259b0023c0fc0	62
4c2259b0023fe580	103
4c2259b00242d800	62
4c2259b00247be80	1482
4c2259b002501180	62
4c2259b002540880	68
4c2259b002553180	62
4c2259b002582340	62
4c2259b002585cc0	68
4c2259b00259dc00	68
4c2259b0025b7cc0	90
4c2259b0025e5880	1116
4c2259b00262a2c0	116
4c2259b00265e1c0	64
4c2259b0026ee900	68
4c2259b002710300	68
4c2259b0027b0040	77
4c2259b0027b5340	95
4c2259b002858140	69
4c2259b0028aa800	62
4c2259b00290e880	1516
4c2259b00291d940	62
4c2259b002a80280	137
4c2259b002ad7680	1516
4c2259b002ae9ec0	1516
4c2259b002af6d80	1516
4c2259b002afbd40	71
4c2259b002afc180	68
4c2259b002b2bd40	1494
4c2259b002ba9600	1516
4c2259b002bae600	62
4c2259b002bae980	76
4c2259b002c33000	62
4c2259b002c80f80	79
4c2259b002d75d80	78
4c2259b002dd6840	84
4c2259b002e05a00	62
4c2259b002e8e980	1516
4c2259b002e9b7c0	1516
4c2259b002ec0100	364
4c2259b002ef3780	217
4c2259b002f26600	62
4c2259b002f813c0	68
4c2259b003037e00	68
4c2259b00303e940	80
4c2259b00304ba40	176
4c2259b003073d40	80
4c2259b0030a1180	80
4c2259b003141ec0	62
4c2259b0032708c0	64
4c2259b0032ae440	68
4c2259b0032de500	68
4c2259b0032eec00	62
4c2259b003370200	62
4c2259b0033a2cc0	119
4c2259b0033b45c0	62
4c2259b0034c3e00	1516
4c2259b0034d1180	1516
4c2259b0034d6140	79
4c2259b0034e7800	1516
4c2259b0034f46c0	1516
4c2259b003501000	1482
4c2259b003514ac0	62
4c2259b0035406c0	80
4c2259b00354c700	62
4c2259b0035bba40	80
4c2259b003600fc0	1516
4c2259b003605fc0	62
4c2259b003606380	480
4c2259b003607d00	80
4c2259b003633b00	1482
4c2259b003638940	62
4c2259b0037100c0	62
4c2259b003742dc0	77
4c2259b00379f880	208
4c2259b0037c9dc0	103
4c2259b00385af40	1516
4c2259b003868300	1516
4c2259b00386d2c0	62
4c2259b003879280	1516
4c2259b00387e240	62
4c2259b003887400	1516
4c2259b0038ca300	1516
4c2259b0038cf300	68
4c2259b0038cf700	68
4c2259b003981440	1516
4c2259b00398ed80	1516
4c2259b00399a5c0	1352
4c2259b0039a6700	1416
4c2259b0039e3a80	66
4c2259b0039e4a00	80
4c2259b003a19e80	1516
4c2259b003a1ee40	80
4c2259b003a27e80	1516
4c2259b003a2ce40	62
4c2259b003a4db00	67
4c2259b003a70480	62
4c2259b003a71400	80
4c2259b003ad9100	1516
4c2259b003ade100	80
4c2259b003ae7300	1516
4c2259b003aec300	62
4c2259b003b08680	68
4c2259b003b0c9c0	68
4c2259b003b2f180	1516
4c2259b003b43900	1516
4c2259b003b50740	1516
4c2259b003b5d600	1516
4c2259b003b625c0	80
4c2259b003b62a80	80
4c2259b003b6dd80	1516
4c2259b003b7acc0	1516
4c2259b003b87ec0	1516
4c2259b003c38b80	1516
4c2259b003c48380	1516
4c2259b003c68a80	80
4c2259b003c8a580	68
4c2259b003c8ec80	68
4c2259b003c95800	80
4c2259b003c9b980	80
4c2259b003cc7400	62
4c2259b003ced240	62
4c2259b003cfadc0	80
4c2259b003d18cc0	97
4c2259b003d59b40	1516
4c2259b003d69300	1516
4c2259b003d761c0	1516
4c2259b003d82fc0	1516
4c2259b003db3500	62
4c2259b003dbefc0	62
4c2259b003dcac40	62
4c2259b003dcb940	62
4c2259b003de3f80	77
4c2259b003deed40	62
4c2259b003e0f0c0	1516
4c2259b003e1bf00	1516
4c2259b003e20ec0	67
4c2259b003e21540	531
4c2259b003e3fe00	1516
4c2259b003e4d1c0	1516
4c2259b003e59fc0	1516
4c2259b003e66e40	1516
4c2259b003ea2c00	1516
4c2259b003eafa40	1516
4c2259b003ebcd40	1516
4c2259b003ecb200	1516
4c2259b003f00b40	62
4c2259b003fb3b80	64
4c2259b0040415c0	1516
4c2259b00404e9c0	1516
4c2259b00405b7c0	1516
4c2259b0040607c0	62
4c2259b00407a5c0	1508
4c2259b00407f8c0	442
4c2259b004081080	62
4c2259b004081400	62
4c2259b004081780	62
4c2259b004088040	62
4c2259b0040b5840	62
4c2259b0040da6c0	1516
4c2259b0040e9800	1516
4c2259b0040f6940	1516
4c2259b004103780	1516
4c2259b004110640	1516
4c2259b004192600	62
4c2259b0041d8180	214
4c2259b0041ecd80	62
4c2259b004237640	1516
4c2259b004255a00	1516
4c2259b004262ac0	1516
4c2259b00426fbc0	1516
4c2259b004274b80	68
4c2259b004301540	71
4c2259b0043b5500	1516
4c2259b0043ba4c0	232
4c2259b0043c48c0	1516
4c2259b0043d16c0	1516
4c2259b0043de580	1516
4c2259b0043eb440	1516
4c2259b0043f8300	1516
4c2259b0043fd2c0	92
4c2259b0044062c0	1516
4c2259b004413100	1516
4c2259b00441ffc0	1516
4c2259b00442cdc0	1516
4c2259b004439c80	1516
4c2259b00443ec80	80
4c2259b00443f100	80
4c2259b00443f5c0	62
4c2259b00451bb40	80
4c2259b00456dec0	152
4c2259b0045b4140	1516
4c2259b004622b40	62
4c2259b004640440	1516
4c2259b00464fb40	1516
4c2259b004661480	1516
4c2259b0046691c0	88
4c2259b004669bc0	62
4c2259b004690180	62
4c2259b0046b3740	1516
4c2259b0046c0840	1516
4c2259b0046cd680	1516
4c2259b0046d2640	62
4c2259b0046ddb40	1516
4c2259b00477ae80	1516
4c2259b0047ab200	67
4c2259b0047f1d40	137
4c2259b0048f2600	1516
4c2259b0049010c0	1516
4c2259b00490e540	1516
4c2259b00491b400	1516
4c2259b00493c3c0	1516
4c2259b004949840	1516
4c2259b004956680	1516
4c2259b004963540	1516
4c2259b004970380	1516
4c2259b00497d200	1516
4c2259b004982200	80
4c2259b00498af40	1516
4c2259b00498ff00	92
4c2259b004999440	1516
4c2259b0049b2600	1516
4c2259b0049c7200	1516
4c2259b0049d6a40	1516
4c2259b0049e3d00	1516
4c2259b0049f0b80	1516
4c2259b0049fdac0	1516
4c2259b004a0a980	1516
4c2259b004a0f940	80
4c2259b004a0fe00	80
4c2259b004a1a240	62
4c2259b004a22b80	80
4c2259b004a532c0	91
4c2259b004a5f200	80
4c2259b004a7c840	80
4c2259b004a92580	62
4c2259b004ae4300	62
4c2259b004b77b40	80
4c2259b004b82680	80
4c2259b004b8ac40	62
4c2259b004bb51c0	1516
4c2259b004bba180	62
4c2259b004bba540	80
4c2259b004bc5040	1516
4c2259b004bd4d80	1516
4c2259b004bd9d40	217
4c2259b004be3fc0	1516
4c2259b004bf31c0	1516
4c2259b004c04200	1516
4c2259b004c12740	1516
4c2259b004c57880	1516
4c2259b004ca0400	80
4c2259b004cd03c0	531
4c2259b004cd4c40	80
4c2259b004cdc1c0	62
4c2259b004cdd480	80
4c2259b004cddf40	62
4c2259b004d00d80	1516
4c2259b004d0dbc0	1516
4c2259b004d2a2c0	1516
4c2259b004d37140	1516
4c2259b004d43900	1468
4c2259b004d507c0	1516
4c2259b004d7f500	62
4c2259b004d98b80	68
4c2259b004dd4c00	62
4c2259b004de3740	62
4c2259b004ec7040	1516
4c2259b004f14100	62
4c2259b004f2b9c0	62
4c2259b004f318c0	62
4c2259b004f61c40	80
4c2259b004f8d6c0	62
4c2259b004f8eb40	80
4c2259b004fe3a80	1516
4c2259b004ff08c0	1516
4c2259b004ffd880	1516
4c2259b00500c400	1516
4c2259b005014740	80
4c2259b00503d400	1516
4c2259b00504a240	1516
4c2259b005060e00	1516
4c2259b00506dc40	1516
4c2259b005072c00	68
4c2259b005089240	1516
4c2259b0050aedc0	80
4c2259b0050da840	1508
4c2259b0050fe300	80
4c2259b005100800	137
4c2259b005126d80	80
4c2259b00526bbc0	1516
4c2259b005278ac0	1516
4c2259b005285b40	1516
4c2259b00528ab00	66
4c2259b005293a80	1516
4c2259b0052a0b80	1516
4c2259b0052b3200	62
4c2259b0053399c0	1516
4c2259b00534bcc0	1516
4c2259b005362dc0	1516
4c2259b005370d00	1516
4c2259b00542d900	62
4c2259b0054cadc0	1482
4c2259b005514140	62
4c2259b0055544c0	1516
4c2259b005561300	1516
4c2259b00556e1c0	1516
4c2259b00557ab00	1482
4c2259b005587c80	1516
4c2259b005594a80	1516
4c2259b005599a40	62
4c2259b0055b4080	1516
4c2259b0055b9040	367
4c2259b0055c7ec0	1482
4c2259b0055ccd00	80
4c2259b0055cd180	80
4c2259b0055cd640	80
4c2259b0056a2e80	62
4c2259b0056e1b80	1516
4c2259b0056fc640	1516
4c2259b00573e180	1516
4c2259b005763b40	1516
4c2259b005770980	1516
4c2259b005775940	62
4c2259b005775d00	68
4c2259b00581f440	68
4c2259b005851180	1516
4c2259b005862e40	1366
4c2259b005871a80	1516
4c2259b00587e900	1516
4c2259b00588b740	1516
4c2259b005898600	1516
4c2259b00589d5c0	68
4c2259b0058a1580	68
4c2259b0058b1e00	62
4c2259b0058c1c00	62
4c2259b0058fdd80	72
4c2259b005904c80	137
4c2259b005925540	1516
4c2259b005936300	1516
4c2259b0059909c0	1516
4c2259b0059959c0	62
4c2259b005a58800	1516
4c2259b005abcfc0	1516
4c2259b005ac9f00	1516
4c2259b005ad6d40	1516
4c2259b005ae3d00	1516
4c2259b005af0e80	1516
4c2259b005afdc80	1516
4c2259b005b08b00	1272
4c2259b005b15940	1516
4c2259b005b4db00	1516
4c2259b005b5b9c0	1516
4c2259b005b60980	92
4c2259b005b60ec0	174
4c2259b005bb7600	122
4c2259b005be8b40	75
4c2259b005c36400	1516
4c2259b005c44f00	1516
4c2259b005c9c8c0	62
4c2259b005ce2c00	62
4c2259b005d2bcc0	62
4c2259b005d8a680	62
4c2259b005dbb340	1516
4c2259b005dd4ac0	1516
4c2259b005de1ec0	1516
4c2259b005de6ec0	99
4c2259b005dfad40	1516
4c2259b005dffd00	68
4c2259b005e08f40	1516
4c2259b005e0df40	68
4c2259b005e169c0	1516
4c2259b005e2b500	62
4c2259b005e4d3c0	91
4c2259b005e61e00	147
4c2259b005e6fc00	592
4c2259b005e80ac0	62
4c2259b005e81b40	88
4c2259b005f0aa80	1516
4c2259b005f18880	1516
4c2259b005f25980	1516
4c2259b005f32840	1516
4c2259b005f3f640	1516
4c2259b005f4c740	1516
4c2259b005f59780	1516
4c2259b005f66640	1516
4c2259b005f734c0	1516
4c2259b005f80300	1516
4c2259b005f8d1c0	1516
4c2259b005f9a3c0	1516
4c2259b005fa00c0	132
4c2259b005fa86c0	1516
4c2259b005fb5580	1516
4c2259b005fc23c0	1516
4c2259b005fcf3c0	1516
4c2259b005fdc280	1516
4c2259b005fe5300	1056
4c2259b005ff21c0	1516
4c2259b005fff000	1516
4c2259b00600be80	1516
4c2259b006018f00	1516
4c2259b006025d00	1516
4c2259b006032d40	1516
4c2259b006040380	1516
4c2259b00604d100	1516
4c2259b006059fc0	1516
4c2259b006066e00	1516
4c2259b006073cc0	1516
4c2259b006078c80	62
4c2259b006081640	1516
4c2259b00608e4c0	1516
4c2259b00609b300	1516
4c2259b0060a81c0	1516
4c2259b0060b5000	1516
4c2259b0060c1e80	1516
4c2259b0060cecc0	1516
4c2259b0060dbc80	1516
4c2259b0060e8b40	1516
4c2259b0060f5980	1516
4c2259b006102800	1516
4c2259b00610f640	1516
4c2259b00611c600	1516
4c2259b0061294c0	1516
4c2259b00612f7c0	68
4c2259b006136f00	1516
4c2259b006143dc0	1516
4c2259b006150e40	1516
4c2259b00615dcc0	1516
4c2259b00616ab00	1516
4c2259b006177c80	1516
4c2259b00617cc40	68
4c2259b00617d040	68
4c2259b0061862c0	1516
4c2259b006193280	1516
4c2259b0061a0140	1516
4c2259b0061acf80	1516
4c2259b0061b9f80	1516
4c2259b0061c6dc0	1516
4c2259b0061cbdc0	482
4c2259b0061d82c0	1516
4c2259b0061e5100	1516
4c2259b0061f1fc0	1516
4c2259b0061f6f80	568
4c2259b0061f8dc0	62
4c2259b0061f9180	93
4c2259b006242d80	74
4c2259b006267740	1516
4c2259b006274600	1516
4c2259b0062795c0	68
4c2259b00627d900	137
4c2259b00628efc0	75
4c2259b0062b3800	1516
4c2259b0062b87c0	108
4c2259b0062c1a80	1516
4c2259b0062c6dc0	68
4c2259b0062d7440	68
4c2259b0062df140	97
4c2259b0062f6880	64
4c2259b0062f8e00	62
4c2259b00635b180	1516
4c2259b00636af80	1516
4c2259b00636ff40	71
4c2259b0063a9ac0	1516
4c2259b0063b6f00	1516
4c2259b0063cb540	68
4c2259b0063dc600	68
4c2259b0064141c0	1516
4c2259b006421000	1516
4c2259b00644b2c0	1516
4c2259b006458100	1516
4c2259b0064650c0	1516
4c2259b00646c080	76
4c2259b00647f980	1516
4c2259b00648c800	1516
4c2259b006492e80	158
4c2259b006495800	62
4c2259b0064a4380	149
4c2259b0064af780	62
4c2259b006509880	67
4c2259b0065cf080	1516
4c2259b0065dc9c0	1516
4c2259b0065ed6c0	1516
4c2259b0065f26c0	62
4c2259b00668ce00	68
4c2259b00668ddc0	80
4c2259b0066ccac0	68
4c2259b0066e1000	64
4c2259b0066e6700	62
4c2259b00670ed40	67
4c2259b006784f00	1508
4c2259b0067af300	1516
4c2259b0067ef0c0	1516
4c2259b0067fe040	1516
4c2259b006845f40	68
4c2259b0068de8c0	1516
4c2259b0068f9b00	1516
4c2259b006901bc0	62
4c2259b006922440	62
4c2259b00695cfc0	62
4c2259b00696b5c0	67
4c2259b00698b880	1436
4c2259b0069ac1c0	1516
4c2259b006a25b40	62
4c2259b006a7b1c0	1516
4c2259b006a90480	1516
4c2259b006a95480	80
4c2259b006add380	107
4c2259b006b4b840	62
4c2259b006b84b00	68
4c2259b006bb6e40	1516
4c2259b006be8c00	1516
4c2259b006bedc00	62
4c2259b006bf96c0	1516
4c2259b006c05340	92
4c2259b006c2f300	1516
4c2259b006c93480	1516
4c2259b006c98440	103
4c2259b006cbc940	94
4c2259b006ce1980	62
4c2259b006d47a80	1516
4c2259b006d4ca80	78
4c2259b006d56940	1516
4c2259b006deeac0	68
4c2259b006e36c80	62
4c2259b006e68540	1516
4c2259b006e6d540	393
4c2259b006e7a480	62
4c2259b006e81340	68
4c2259b006e93480	62
4c2259b006ebff80	1516
4c2259b006ec4f80	73
4c2259b006ee3400	1516
4c2259b006ef02c0	1516
4c2259b006f13a80	1516
4c2259b006f208c0	1516
4c2259b006f73e80	91
4c2259b006fcf980	1482
4c2259b006fdcc80	1516
4c2259b006fe9bc0	1516
4c2259b006feebc0	62
4c2259b006ffe340	1516
4c2259b00700b100	62
4c2259b007030480	62
4c2259b007031140	62
4c2259b007038100	62
4c2259b00705b100	62
4c2259b00708c9c0	132
4c2259b007090000	62
4c2259b0070cb400	1516
4c2259b0070e1b40	1516
4c2259b0070e6b40	62
4c2259b0070e8e40	62
4c2259b00710e780	62
4c2259b007112180	177
4c2259b007114340	92
4c2259b007125a80	123
4c2259b007180740	1516
4c2259b0071b1700	93
4c2259b007221d00	340
4c2259b0072f6580	68
4c2259b0072f7140	62
4c2259b0073264c0	62
4c2259b00733b880	62
4c2259b00739ecc0	62
4c2259b0073f8c00	62
4c2259b007401380	62
4c2259b007402d80	62
4c2259b007413200	101
4c2259b007448840	62
4c2259b007461440	62
4c2259b007467400	62
4c2259b0074cdb00	64
4c2259b00751ef40	164
4c2259b007524400	99
4c2259b00758ac40	592
4c2259b0076151c0	62
4c2259b007637080	1516
4c2259b00763c7c0	62
4c2259b00769a380	1218
4c2259b0076a97c0	159
4c2259b007713100	377
4c2259b007715980	62
4c2259b007734240	62
4c2259b0077b1440	62
4c2259b0078a10c0	62
4c2259b0078a8a80	62
4c2259b00792fb00	1516
4c2259b007934ac0	68
4c2259b007934ec0	62
4c2259b007935280	68
4c2259b00793f180	1516
4c2259b007944140	68
4c2259b00794b240	62
4c2259b007969800	1268
4c2259b0079c61c0	76
4c2259b007a22040	68
4c2259b007a58700	205
4c2259b007b89740	62
4c2259b007bf4640	1482
4c2259b007c0e900	1516
4c2259b007c138c0	62
4c2259b007c13c80	140
4c2259b007c4e000	68
4c2259b007c79440	62
4c2259b007c7a4c0	100
4c2259b007ca7800	62
4c2259b007cacc40	62
4c2259b007caec00	62
4c2259b007ccc340	1508
4c2259b007cd12c0	89
4c2259b007cde900	214
4c2259b007d43bc0	551
4c2259b007d9c040	1516
4c2259b007db3180	1516
4c2259b007e1ffc0	856
4c2259b007e5e380	64
4c2259b007e81000	68
4c2259b007e860c0	68
4c2259b007ea2940	1316
4c2259b007ea6e80	68
4c2259b007eb3380	1316
4c2259b007edb940	1316
4c2259b007ef82c0	1316
4c2259b007f11b40	1316
4c2259b007f16e00	62
4c2259b007fbad00	1416
4c2259b007fc2f00	62
4c2259b007fcda40	92
4c2259b007fd6780	62
4c2259b007fdca40	80
4c2259b008033b80	62
4c2259b00803ff00	225
4c2259b00806bb00	1482
4c2259b008079000	1516
4c2259b0080df040	1316
4c2259b0080e3580	68
4c2259b008114800	1516
4c2259b0081266c0	1316
4c2259b008135040	1316
4c2259b00814be40	1316
4c2259b008158d80	1316
4c2259b008167f00	1316
4c2259b008173440	1316
4c2259b008177980	233
4c2259b008183180	1316
4c2259b00818e540	1316
4c2259b0081a3e00	1316
4c2259b0081b4300	1316
4c2259b0081c2e00	1316
4c2259b008220d40	1516
4c2259b008264680	1516
4c2259b008270dc0	116
4c2259b0082f6240	68
4c2259b008303040	68
4c2259b0083474c0	1316
4c2259b00834ba40	62
4c2259b008361680	1316
4c2259b008365c00	105
4c2259b00836e200	1316
4c2259b008379580	1316
4c2259b008384940	1316
4c2259b00838fc80	1316
4c2259b00839d1c0	1316
4c2259b0083a1740	80
4c2259b0083a1bc0	80
4c2259b0083a2080	62
4c2259b0083bf180	1316
4c2259b0083ca680	1316
4c2259b0083d5a40	1316
4c2259b0083e0fc0	1316
4c2259b0083f5540	1316
4c2259b008400980	1316
4c2259b00840bdc0	1316
4c2259b00842d880	1316
4c2259b0084391c0	1316
4c2259b00844dc40	1316
4c2259b00846a4c0	1316
4c2259b0084713c0	62
4c2259b008480200	1316
4c2259b008495d80	1316
4c2259b0084a59c0	1316
4c2259b0084bdc40	1316
4c2259b0085026c0	1316
4c2259b008517880	1316
4c2259b00851bdc0	64
4c2259b00851c1c0	62
4c2259b00851c580	68
4c2259b00851c940	217
4c2259b0085381c0	1316
4c2259b008543740	1316
4c2259b00854eb00	1316
4c2259b008553080	68
4c2259b008553480	68
4c2259b00855b940	1316
4c2259b008566d80	1316
4c2259b00856b300	68
4c2259b008572e80	1316
4c2259b00857e340	1316
4c2259b008589680	1316
4c2259b008594c80	1316
4c2259b0085a14c0	1316
4c2259b0085a9fc0	78
4c2259b0085aa880	124
4c2259b0085b1fc0	80
4c2259b0085f8480	1516
4c2259b008621280	1516
4c2259b008626240	80
4c2259b008626700	92
4c2259b0086dd840	92
4c2259b0086ebf40	62
4c2259b008733040	62
4c2259b00874dc00	62
4c2259b008752380	80
4c2259b0087747c0	68
4c2259b00883b440	1492
4c2259b00884e0c0	1516
4c2259b00885af00	1516
4c2259b008886480	1216
4c2259b00888b7c0	62
4c2259b00888e080	68
4c2259b008954d00	62
4c2259b0089ddb00	62
4c2259b0089de640	62
4c2259b008a16100	1516
4c2259b008a1b0c0	68
4c2259b008b950c0	1482
4c2259b008b99f00	62
4c2259b008be6b40	68
4c2259b008c13140	1482
4c2259b008c3dcc0	67
4c2259b008c5c800	62
4c2259b008ce5b00	62
4c2259b008d64900	225
4c2259b008dcf900	91
4c2259b008de9480	132
4c2259b008e6a0c0	73
4c2259b008ea0400	80
4c2259b008eab280	92
4c2259b008eebe00	86
4c2259b008eeff00	68
4c2259b008f09180	124
4c2259b008f1d780	80
4c2259b008f2f0c0	62
4c2259b00901d4c0	132
4c2259b009068c00	62
4c2259b009069e40	68
4c2259b00906ab40	62
4c2259b00906b780	68
4c2259b0090fde80	62
4c2259b00919a180	62
4c2259b0091f5240	80
4c2259b0092037c0	80
4c2259b009219fc0	80
4c2259b00921adc0	80
4c2259b0092916c0	1196
4c2259b009295600	68
4c2259b009296ac0	68
4c2259b0092ded80	98
4c2259b0093458c0	62
4c2259b00935f9c0	62
4c2259b009496ac0	156
4c2259b00953ba00	92
4c2259b009572140	68
4c2259b00962fa00	68
4c2259b0096434c0	68
4c2259b00964eac0	68
4c2259b0096a8dc0	1468
4c2259b009758580	92
4c2259b009777f80	80
4c2259b009798500	68
4c2259b009841980	68
4c2259b00984a380	68
4c2259b00989e100	68
4c2259b0098cb980	89
4c2259b00992ec00	62
4c2259b00993b880	62
4c2259b00997bd40	1516
4c2259b009998fc0	1516
4c2259b0099cda00	1516
4c2259b0099dab80	1516
4c2259b0099f5f80	1516
4c2259b0099faf40	80
4c2259b009a29c40	1516
4c2259b009a39c00	1516
4c2259b009a46ac0	1516
4c2259b009a56dc0	1516
4c2259b009a85500	62
4c2259b009a88f00	62
4c2259b009a9dc40	168
4c2259b009abca40	68
4c2259b009abf6c0	68
4c2259b009ac6680	68
4c2259b009b04f40	66
4c2259b009b0a280	68
4c2259b009b155c0	62
4c2259b009b2edc0	486
4c2259b009b3b2c0	62
4c2259b009b51a80	62
4c2259b009b63c80	92
4c2259b009bd19c0	127
4c2259b009c159c0	1516
4c2259b009c6e640	1516
4c2259b009c7c240	62
4c2259b009c865c0	88
4c2259b009ca8400	664
4c2259b009d25100	68
4c2259b009d2c500	68
4c2259b009d79c40	62
4c2259b009dd3c80	64
4c2259b009e4c280	62
4c2259b009e81d40	62
4c2259b009ed3cc0	149
4c2259b009f16680	62
4c2259b009f56340	68
4c2259b009f57140	68
4c2259b009f74900	92
4c2259b009fb6800	64
4c2259b009fc4900	62
4c2259b009fd6b40	83
4c2259b00a005740	62
4c2259b00a16f140	64
4c2259b00a1776c0	62
4c2259b00a1c9340	80
4c2259b00a1caa40	68
